<?xml version="1.0" encoding="UTF-8"?>
<!-- Generated by org.testng.reporters.JUnitReportReporter -->
<testsuite hostname="Nehas-MacBook-Pro.local" name="com.project.Reporter.SignUpTest" tests="2" failures="0" timestamp="13 Apr 2017 05:17:19 GMT" time="0.462" errors="0">
  <testcase name="passingUserEmail" time="0.241" classname="com.project.Reporter.SignUpTest"/>
  <testcase name="validEmail" time="0.221" classname="com.project.Reporter.SignUpTest"/>
</testsuite> <!-- com.project.Reporter.SignUpTest -->
