<?xml version="1.0" encoding="UTF-8"?>
<!-- Generated by org.testng.reporters.JUnitReportReporter -->
<testsuite hostname="Nehas-MacBook-Pro.local" name="com.project.Reporter.AppTest" tests="4" failures="0" timestamp="12 Apr 2017 12:21:20 GMT" time="10.516" errors="0">
  <testcase name="checkValidUserid" time="0.196" classname="com.project.Reporter.AppTest"/>
  <testcase name="homePageTesting" time="0.172" classname="com.project.Reporter.AppTest"/>
  <testcase name="loginPageTesting" time="10.015" classname="com.project.Reporter.AppTest"/>
  <testcase name="checkValidSignup1" time="0.133" classname="com.project.Reporter.AppTest"/>
</testsuite> <!-- com.project.Reporter.AppTest -->
