<?xml version="1.0" encoding="UTF-8"?>
<!-- Generated by org.testng.reporters.JUnitReportReporter -->
<testsuite hostname="Nehas-MacBook-Pro.local" name="com.project.Reporter.HomePageTest" tests="2" failures="0" timestamp="13 Apr 2017 05:17:24 GMT" time="9.216" errors="0">
  <testcase name="loginPageTesting" time="9.037" classname="com.project.Reporter.HomePageTest"/>
  <testcase name="homePageTesting" time="0.179" classname="com.project.Reporter.HomePageTest"/>
</testsuite> <!-- com.project.Reporter.HomePageTest -->
